<?xml version="1.0" encoding="UTF-8"?>
<!-- Generated by org.testng.reporters.JUnitReportReporter -->
<testsuite skipped="0" hostname="LAPTOP-R4VT886J" name="TestNG.verifyaddbook" tests="1" failures="0" timestamp="24 Apr 2019 19:09:57 GMT" time="95.872" errors="0">
  <testcase name="addbook" time="95.872" classname="TestNG.verifyaddbook"/>
</testsuite> <!-- TestNG.verifyaddbook -->
